Arguments: 
  /usr/local/Cellar/node/15.4.0/bin/node /usr/local/Cellar/yarn/1.22.10/libexec/bin/yarn.js add @babel/core -D

PATH: 
  /var/folders/_0/s4x0f3ls0vv3rnr541fgk2nc0000gn/T/yarn--1610302744319-0.8522260116457723:/Users/wienecke/coding/react-spotify-player-tailwind/node_modules/.bin:/Users/wienecke/.config/yarn/link/node_modules/.bin:/usr/local/Cellar/node/15.4.0/libexec/lib/node_modules/npm/bin/node-gyp-bin:/usr/local/Cellar/node/15.4.0/lib/node_modules/npm/bin/node-gyp-bin:/usr/local/Cellar/node/15.4.0/bin/node_modules/npm/bin/node-gyp-bin:/usr/local/anaconda3/bin:/usr/local/anaconda3/condabin:/usr/local/bin:/usr/bin:/bin:/usr/sbin:/sbin

Yarn version: 
  1.22.10

Node version: 
  15.4.0

Platform: 
  darwin x64

Trace: 
  Error: https://node.bit.dev/@bit%2fjannikwienecke.personal.use-previous: Not found
      at Request.params.callback [as _callback] (/usr/local/Cellar/yarn/1.22.10/libexec/lib/cli.js:66988:18)
      at Request.self.callback (/usr/local/Cellar/yarn/1.22.10/libexec/lib/cli.js:140749:22)
      at Request.emit (node:events:376:20)
      at Request.<anonymous> (/usr/local/Cellar/yarn/1.22.10/libexec/lib/cli.js:141721:10)
      at Request.emit (node:events:376:20)
      at IncomingMessage.<anonymous> (/usr/local/Cellar/yarn/1.22.10/libexec/lib/cli.js:141643:12)
      at Object.onceWrapper (node:events:482:28)
      at IncomingMessage.emit (node:events:388:22)
      at endReadableNT (node:internal/streams/readable:1295:12)
      at processTicksAndRejections (node:internal/process/task_queues:80:21)

npm manifest: 
  {
    "name": "@bit/jannikwienecke.personal.react-slider",
    "version": "0.1.3",
    "homepage": "https://bit.dev/jannikwienecke/personal/react-slider",
    "main": "dist/index.js",
    "componentId": {
      "scope": "jannikwienecke.personal",
      "name": "react-slider",
      "version": "0.1.3"
    },
    "dependencies": {
      "@bit/jannikwienecke.personal.react-slider-types": "0.1.2",
      "@bit/jannikwienecke.personal.use-previous": "0.0.1"
    },
    "devDependencies": {
      "@types/react": "^17.0.0",
      "@types/react-dom": "^17.0.0"
    },
    "peerDependencies": {
      "@types/react": "^17.0.0",
      "react": "^17.0.1",
      "react-draggable": "^4.4.3",
      "react-dom": "^17.0.1"
    },
    "license": "SEE LICENSE IN LICENSE",
    "bit": {
      "env": {
        "compiler": {
          "bit.envs/compilers/react-typescript@3.1.64": {
            "rawConfig": {
              "compilerPath": "typescript/bin/tsc",
              "compilerArguments": [
                "--declaration"
              ],
              "compiledFileTypes": [
                ".ts",
                ".tsx"
              ],
              "configFileName": "tsconfig.json",
              "tsconfig": {
                "compilerOptions": {
                  "outDir": "dist",
                  "target": "ES2015",
                  "sourceMap": false,
                  "moduleResolution": "Node",
                  "esModuleInterop": true,
                  "module": "ES6",
                  "allowSyntheticDefaultImports": true,
                  "resolveJsonModule": true,
                  "declaration": true,
                  "experimentalDecorators": true,
                  "inlineSourceMap": false,
                  "inlineSources": false,
                  "lib": [
                    "dom",
                    "es2015"
                  ],
                  "jsx": "react",
                  "rootDir": "./",
                  "removeComments": true,
                  "typeRoots": [
                    "./node_modules/@types"
                  ],
                  "importHelpers": false
                },
                "include": [
                  "./**/*"
                ],
                "exclude": [
                  "node_modules",
                  ".dependencies",
                  "dist"
                ]
              },
              "development": false,
              "copyPolicy": {
                "ignorePatterns": [
                  "package.json",
                  "package-lock.json",
                  "tsconfig.json"
                ],
                "disable": false
              }
            },
            "options": {}
          }
        }
      }
    }
  }

yarn manifest: 
  No manifest

Lockfile: 
  No lockfile
